<?xml version="1.0" encoding="UTF-8"?>
<testng-results skipped="0" failed="1" ignored="0" total="3" passed="2">
  <reporter-output>
  </reporter-output>
  <suite name="Default suite" duration-ms="29336" started-at="2019-02-16T07:49:38Z" finished-at="2019-02-16T07:50:07Z">
    <groups>
    </groups>
    <test name="Default test" duration-ms="29336" started-at="2019-02-16T07:49:38Z" finished-at="2019-02-16T07:50:07Z">
      <class name="com.hooq.interview.test.TestApplication">
        <test-method status="PASS" signature="init()[pri:0, instance:com.hooq.interview.test.TestApplication@204f30ec]" name="init" is-config="true" duration-ms="8679" started-at="2019-02-16T07:49:38Z" finished-at="2019-02-16T07:49:46Z">
          <reporter-output>
          </reporter-output>
        </test-method> <!-- init -->
        <test-method status="PASS" signature="RegistrationOfUser()[pri:1, instance:com.hooq.interview.test.TestApplication@204f30ec]" name="RegistrationOfUser" duration-ms="14893" started-at="2019-02-16T07:49:46Z" finished-at="2019-02-16T07:50:01Z">
          <reporter-output>
          </reporter-output>
        </test-method> <!-- RegistrationOfUser -->
        <test-method status="PASS" signature="logoutSuccess(org.testng.ITestResult)[pri:0, instance:com.hooq.interview.test.TestApplication@204f30ec]" name="logoutSuccess" is-config="true" duration-ms="458" started-at="2019-02-16T07:50:01Z" finished-at="2019-02-16T07:50:02Z">
          <params>
            <param index="0">
              <value>
                <![CDATA[[TestResult name=RegistrationOfUser status=SUCCESS method=TestApplication.RegistrationOfUser()[pri:1, instance:com.hooq.interview.test.TestApplication@204f30ec] output={null}]]]>
              </value>
            </param>
          </params>
          <reporter-output>
          </reporter-output>
        </test-method> <!-- logoutSuccess -->
        <test-method status="PASS" signature="LoginWithNewlyCreatedAccount()[pri:2, instance:com.hooq.interview.test.TestApplication@204f30ec]" name="LoginWithNewlyCreatedAccount" duration-ms="3426" started-at="2019-02-16T07:50:02Z" description="Sign In using valid credentials with newly created user" depends-on-methods="com.hooq.interview.test.TestApplication.RegistrationOfUser" finished-at="2019-02-16T07:50:05Z">
          <reporter-output>
          </reporter-output>
        </test-method> <!-- LoginWithNewlyCreatedAccount -->
        <test-method status="PASS" signature="logoutSuccess(org.testng.ITestResult)[pri:0, instance:com.hooq.interview.test.TestApplication@204f30ec]" name="logoutSuccess" is-config="true" duration-ms="429" started-at="2019-02-16T07:50:05Z" finished-at="2019-02-16T07:50:06Z">
          <params>
            <param index="0">
              <value>
                <![CDATA[[TestResult name=LoginWithNewlyCreatedAccount status=SUCCESS method=TestApplication.LoginWithNewlyCreatedAccount()[pri:2, instance:com.hooq.interview.test.TestApplication@204f30ec] output={null}]]]>
              </value>
            </param>
          </params>
          <reporter-output>
          </reporter-output>
        </test-method> <!-- logoutSuccess -->
        <test-method status="FAIL" signature="loginWithInvalidCrfedentials()[pri:3, instance:com.hooq.interview.test.TestApplication@204f30ec]" name="loginWithInvalidCrfedentials" duration-ms="1028" started-at="2019-02-16T07:50:06Z" description="Sign In with invalid credentials" depends-on-methods="com.hooq.interview.test.TestApplication.LoginWithNewlyCreatedAccount" finished-at="2019-02-16T07:50:07Z">
          <exception class="java.lang.AssertionError">
            <message>
              <![CDATA[expected [true] but found [false]]]>
            </message>
            <full-stacktrace>
              <![CDATA[java.lang.AssertionError: expected [true] but found [false]
at org.testng.Assert.fail(Assert.java:96)
at org.testng.Assert.failNotEquals(Assert.java:776)
at org.testng.Assert.assertEqualsImpl(Assert.java:137)
at org.testng.Assert.assertEquals(Assert.java:118)
at org.testng.Assert.assertEquals(Assert.java:568)
at org.testng.Assert.assertEquals(Assert.java:578)
at com.hooq.interview.pageobjects.SignInPage.SignInExistingUser(SignInPage.java:83)
at com.hooq.interview.test.TestApplication.loginWithInvalidCrfedentials(TestApplication.java:35)
at sun.reflect.NativeMethodAccessorImpl.invoke0(Native Method)
at sun.reflect.NativeMethodAccessorImpl.invoke(NativeMethodAccessorImpl.java:62)
at sun.reflect.DelegatingMethodAccessorImpl.invoke(DelegatingMethodAccessorImpl.java:43)
at java.lang.reflect.Method.invoke(Method.java:498)
at org.testng.internal.MethodInvocationHelper.invokeMethod(MethodInvocationHelper.java:124)
at org.testng.internal.Invoker.invokeMethod(Invoker.java:580)
at org.testng.internal.Invoker.invokeTestMethod(Invoker.java:716)
at org.testng.internal.Invoker.invokeTestMethods(Invoker.java:988)
at org.testng.internal.TestMethodWorker.invokeTestMethods(TestMethodWorker.java:125)
at org.testng.internal.TestMethodWorker.run(TestMethodWorker.java:109)
at org.testng.TestRunner.privateRun(TestRunner.java:648)
at org.testng.TestRunner.run(TestRunner.java:505)
at org.testng.SuiteRunner.runTest(SuiteRunner.java:455)
at org.testng.SuiteRunner.runSequentially(SuiteRunner.java:450)
at org.testng.SuiteRunner.privateRun(SuiteRunner.java:415)
at org.testng.SuiteRunner.run(SuiteRunner.java:364)
at org.testng.SuiteRunnerWorker.runSuite(SuiteRunnerWorker.java:52)
at org.testng.SuiteRunnerWorker.run(SuiteRunnerWorker.java:84)
at org.testng.TestNG.runSuitesSequentially(TestNG.java:1208)
at org.testng.TestNG.runSuitesLocally(TestNG.java:1137)
at org.testng.TestNG.runSuites(TestNG.java:1049)
at org.testng.TestNG.run(TestNG.java:1017)
at org.testng.remote.AbstractRemoteTestNG.run(AbstractRemoteTestNG.java:114)
at org.testng.remote.RemoteTestNG.initAndRun(RemoteTestNG.java:251)
at org.testng.remote.RemoteTestNG.main(RemoteTestNG.java:77)
]]>
            </full-stacktrace>
          </exception> <!-- java.lang.AssertionError -->
          <reporter-output>
          </reporter-output>
        </test-method> <!-- loginWithInvalidCrfedentials -->
        <test-method status="PASS" signature="logoutSuccess(org.testng.ITestResult)[pri:0, instance:com.hooq.interview.test.TestApplication@204f30ec]" name="logoutSuccess" is-config="true" duration-ms="408" started-at="2019-02-16T07:50:07Z" finished-at="2019-02-16T07:50:07Z">
          <params>
            <param index="0">
              <value>
                <![CDATA[[TestResult name=loginWithInvalidCrfedentials status=FAILURE method=TestApplication.loginWithInvalidCrfedentials()[pri:3, instance:com.hooq.interview.test.TestApplication@204f30ec] output={null}]]]>
              </value>
            </param>
          </params>
          <reporter-output>
          </reporter-output>
        </test-method> <!-- logoutSuccess -->
        <test-method status="PASS" signature="teardown()[pri:0, instance:com.hooq.interview.test.TestApplication@204f30ec]" name="teardown" is-config="true" duration-ms="0" started-at="2019-02-16T07:50:07Z" finished-at="2019-02-16T07:50:07Z">
          <reporter-output>
          </reporter-output>
        </test-method> <!-- teardown -->
      </class> <!-- com.hooq.interview.test.TestApplication -->
    </test> <!-- Default test -->
  </suite> <!-- Default suite -->
</testng-results>
